[{"className":"DinosaurTest","methodName":"correctOutput","pointNames":["01-04"],"message":"Output was expected to contain 3 lines. Now it contained 1. expected:\u003c3\u003e but was:\u003c1\u003e","exception":{"className":"java.lang.AssertionError","message":"Output was expected to contain 3 lines. Now it contained 1. expected:\u003c3\u003e but was:\u003c1\u003e","stackTrace":[{"declaringClass":"org.junit.Assert","methodName":"fail","fileName":"Assert.java","lineNumber":88},{"declaringClass":"org.junit.Assert","methodName":"failNotEquals","fileName":"Assert.java","lineNumber":743},{"declaringClass":"org.junit.Assert","methodName":"assertEquals","fileName":"Assert.java","lineNumber":118},{"declaringClass":"org.junit.Assert","methodName":"assertEquals","fileName":"Assert.java","lineNumber":555},{"declaringClass":"DinosaurTest","methodName":"correctOutput","fileName":"DinosaurTest.java","lineNumber":30},{"declaringClass":"jdk.internal.reflect.DirectMethodHandleAccessor","methodName":"invoke","fileName":"DirectMethodHandleAccessor.java","lineNumber":103},{"declaringClass":"java.lang.reflect.Method","methodName":"invoke","fileName":"Method.java","lineNumber":580},{"declaringClass":"org.junit.runners.model.FrameworkMethod$1","methodName":"runReflectiveCall","fileName":"FrameworkMethod.java","lineNumber":47},{"declaringClass":"org.junit.internal.runners.model.ReflectiveCallable","methodName":"run","fileName":"ReflectiveCallable.java","lineNumber":12},{"declaringClass":"org.junit.runners.model.FrameworkMethod","methodName":"invokeExplosively","fileName":"FrameworkMethod.java","lineNumber":44},{"declaringClass":"org.junit.internal.runners.statements.InvokeMethod","methodName":"evaluate","fileName":"InvokeMethod.java","lineNumber":17},{"declaringClass":"fi.helsinki.cs.tmc.edutestutils.MockStdio$1","methodName":"evaluate","fileName":"MockStdio.java","lineNumber":106},{"declaringClass":"org.junit.rules.RunRules","methodName":"evaluate","fileName":"RunRules.java","lineNumber":20},{"declaringClass":"org.junit.runners.ParentRunner","methodName":"runLeaf","fileName":"ParentRunner.java","lineNumber":271},{"declaringClass":"org.junit.runners.BlockJUnit4ClassRunner","methodName":"runChild","fileName":"BlockJUnit4ClassRunner.java","lineNumber":70},{"declaringClass":"org.junit.runners.BlockJUnit4ClassRunner","methodName":"runChild","fileName":"BlockJUnit4ClassRunner.java","lineNumber":50},{"declaringClass":"org.junit.runners.ParentRunner$3","methodName":"run","fileName":"ParentRunner.java","lineNumber":238},{"declaringClass":"org.junit.runners.ParentRunner$1","methodName":"schedule","fileName":"ParentRunner.java","lineNumber":63},{"declaringClass":"org.junit.runners.ParentRunner","methodName":"runChildren","fileName":"ParentRunner.java","lineNumber":236},{"declaringClass":"org.junit.runners.ParentRunner","methodName":"access$000","fileName":"ParentRunner.java","lineNumber":53},{"declaringClass":"org.junit.runners.ParentRunner$2","methodName":"evaluate","fileName":"ParentRunner.java","lineNumber":229},{"declaringClass":"org.junit.runners.ParentRunner","methodName":"run","fileName":"ParentRunner.java","lineNumber":309},{"declaringClass":"fi.helsinki.cs.tmc.testrunner.TestRunner$TestingRunnable","methodName":"runTestCase","fileName":"TestRunner.java","lineNumber":134},{"declaringClass":"fi.helsinki.cs.tmc.testrunner.TestRunner$TestingRunnable","methodName":"doRun","fileName":"TestRunner.java","lineNumber":89},{"declaringClass":"fi.helsinki.cs.tmc.testrunner.TestRunner$TestingRunnable","methodName":"run","fileName":"TestRunner.java","lineNumber":70},{"declaringClass":"java.lang.Thread","methodName":"run","fileName":"Thread.java","lineNumber":1583}]},"status":"FAILED"},{"className":"DinosaurTest","methodName":"numberOfSystemOutPrintlnCommands","pointNames":["01-04"],"message":"The program was expected to contain 3 \u0027System.out.println\u0027 commands. Now there were 0. expected:\u003c3\u003e but was:\u003c0\u003e","exception":{"className":"java.lang.AssertionError","message":"The program was expected to contain 3 \u0027System.out.println\u0027 commands. Now there were 0. expected:\u003c3\u003e but was:\u003c0\u003e","stackTrace":[{"declaringClass":"org.junit.Assert","methodName":"fail","fileName":"Assert.java","lineNumber":88},{"declaringClass":"org.junit.Assert","methodName":"failNotEquals","fileName":"Assert.java","lineNumber":743},{"declaringClass":"org.junit.Assert","methodName":"assertEquals","fileName":"Assert.java","lineNumber":118},{"declaringClass":"org.junit.Assert","methodName":"assertEquals","fileName":"Assert.java","lineNumber":555},{"declaringClass":"DinosaurTest","methodName":"numberOfSystemOutPrintlnCommands","fileName":"DinosaurTest.java","lineNumber":40},{"declaringClass":"jdk.internal.reflect.DirectMethodHandleAccessor","methodName":"invoke","fileName":"DirectMethodHandleAccessor.java","lineNumber":103},{"declaringClass":"java.lang.reflect.Method","methodName":"invoke","fileName":"Method.java","lineNumber":580},{"declaringClass":"org.junit.runners.model.FrameworkMethod$1","methodName":"runReflectiveCall","fileName":"FrameworkMethod.java","lineNumber":47},{"declaringClass":"org.junit.internal.runners.model.ReflectiveCallable","methodName":"run","fileName":"ReflectiveCallable.java","lineNumber":12},{"declaringClass":"org.junit.runners.model.FrameworkMethod","methodName":"invokeExplosively","fileName":"FrameworkMethod.java","lineNumber":44},{"declaringClass":"org.junit.internal.runners.statements.InvokeMethod","methodName":"evaluate","fileName":"InvokeMethod.java","lineNumber":17},{"declaringClass":"fi.helsinki.cs.tmc.edutestutils.MockStdio$1","methodName":"evaluate","fileName":"MockStdio.java","lineNumber":106},{"declaringClass":"org.junit.rules.RunRules","methodName":"evaluate","fileName":"RunRules.java","lineNumber":20},{"declaringClass":"org.junit.runners.ParentRunner","methodName":"runLeaf","fileName":"ParentRunner.java","lineNumber":271},{"declaringClass":"org.junit.runners.BlockJUnit4ClassRunner","methodName":"runChild","fileName":"BlockJUnit4ClassRunner.java","lineNumber":70},{"declaringClass":"org.junit.runners.BlockJUnit4ClassRunner","methodName":"runChild","fileName":"BlockJUnit4ClassRunner.java","lineNumber":50},{"declaringClass":"org.junit.runners.ParentRunner$3","methodName":"run","fileName":"ParentRunner.java","lineNumber":238},{"declaringClass":"org.junit.runners.ParentRunner$1","methodName":"schedule","fileName":"ParentRunner.java","lineNumber":63},{"declaringClass":"org.junit.runners.ParentRunner","methodName":"runChildren","fileName":"ParentRunner.java","lineNumber":236},{"declaringClass":"org.junit.runners.ParentRunner","methodName":"access$000","fileName":"ParentRunner.java","lineNumber":53},{"declaringClass":"org.junit.runners.ParentRunner$2","methodName":"evaluate","fileName":"ParentRunner.java","lineNumber":229},{"declaringClass":"org.junit.runners.ParentRunner","methodName":"run","fileName":"ParentRunner.java","lineNumber":309},{"declaringClass":"fi.helsinki.cs.tmc.testrunner.TestRunner$TestingRunnable","methodName":"runTestCase","fileName":"TestRunner.java","lineNumber":134},{"declaringClass":"fi.helsinki.cs.tmc.testrunner.TestRunner$TestingRunnable","methodName":"doRun","fileName":"TestRunner.java","lineNumber":89},{"declaringClass":"fi.helsinki.cs.tmc.testrunner.TestRunner$TestingRunnable","methodName":"run","fileName":"TestRunner.java","lineNumber":70},{"declaringClass":"java.lang.Thread","methodName":"run","fileName":"Thread.java","lineNumber":1583}]},"status":"FAILED"}]